[    1777ms] [WARNING] Allow attribute will take precedence over 'allowfullscreen'. @ https://socialbrands.io/:307
[    2566ms] TypeError: Cannot set properties of null (setting 'textContent')
    at https://socialbrands.io/:418:57
[    2566ms] [WARNING] GSAP target .particle not found. https://gsap.com @ https://cdn.prod.website-files.com/gsap/3.14.2/gsap.min.js:9
[    2576ms] [WARNING] GSAP target [object NodeList] not found. https://gsap.com @ https://cdn.prod.website-files.com/gsap/3.14.2/gsap.min.js:9
[    2577ms] [WARNING] GSAP target [object NodeList] not found. https://gsap.com @ https://cdn.prod.website-files.com/gsap/3.14.2/gsap.min.js:9
[    2577ms] [WARNING] GSAP target  not found. https://gsap.com @ https://cdn.prod.website-files.com/gsap/3.14.2/gsap.min.js:9
[    2577ms] [WARNING] GSAP target [object NodeList] not found. https://gsap.com @ https://cdn.prod.website-files.com/gsap/3.14.2/gsap.min.js:9
[    2577ms] [WARNING] GSAP target [object NodeList] not found. https://gsap.com @ https://cdn.prod.website-files.com/gsap/3.14.2/gsap.min.js:9
[    2577ms] [WARNING] GSAP target  not found. https://gsap.com @ https://cdn.prod.website-files.com/gsap/3.14.2/gsap.min.js:9
[    2577ms] [WARNING] GSAP target [object NodeList] not found. https://gsap.com @ https://cdn.prod.website-files.com/gsap/3.14.2/gsap.min.js:9
[    2577ms] [WARNING] GSAP target [object NodeList] not found. https://gsap.com @ https://cdn.prod.website-files.com/gsap/3.14.2/gsap.min.js:9
[    2577ms] [WARNING] GSAP target  not found. https://gsap.com @ https://cdn.prod.website-files.com/gsap/3.14.2/gsap.min.js:9
[    2577ms] [WARNING] GSAP target [object NodeList] not found. https://gsap.com @ https://cdn.prod.website-files.com/gsap/3.14.2/gsap.min.js:9
[    2577ms] [WARNING] GSAP target [object NodeList] not found. https://gsap.com @ https://cdn.prod.website-files.com/gsap/3.14.2/gsap.min.js:9
[    2577ms] [WARNING] GSAP target  not found. https://gsap.com @ https://cdn.prod.website-files.com/gsap/3.14.2/gsap.min.js:9
[    2578ms] [WARNING] GSAP target [object NodeList] not found. https://gsap.com @ https://cdn.prod.website-files.com/gsap/3.14.2/gsap.min.js:9
[    2584ms] [WARNING] GSAP target  not found. https://gsap.com @ https://cdn.prod.website-files.com/gsap/3.14.2/gsap.min.js:9
[    2585ms] [WARNING] GSAP target  not found. https://gsap.com @ https://cdn.prod.website-files.com/gsap/3.14.2/gsap.min.js:9
[    2585ms] [WARNING] GSAP target  not found. https://gsap.com @ https://cdn.prod.website-files.com/gsap/3.14.2/gsap.min.js:9
[    2586ms] [WARNING] GSAP target  not found. https://gsap.com @ https://cdn.prod.website-files.com/gsap/3.14.2/gsap.min.js:9
[    2595ms] [WARNING] GSAP target .faq_answer not found. https://gsap.com @ https://cdn.prod.website-files.com/gsap/3.14.2/gsap.min.js:9
[    2595ms] [WARNING] GSAP target .faq_icon not found. https://gsap.com @ https://cdn.prod.website-files.com/gsap/3.14.2/gsap.min.js:9
[    3340ms] [WARNING] GSAP target  not found. https://gsap.com @ https://cdn.prod.website-files.com/gsap/3.14.2/gsap.min.js:9
[    3340ms] [WARNING] GSAP target  not found. https://gsap.com @ https://cdn.prod.website-files.com/gsap/3.14.2/gsap.min.js:9
[    3340ms] [WARNING] GSAP target  not found. https://gsap.com @ https://cdn.prod.website-files.com/gsap/3.14.2/gsap.min.js:9
[    3340ms] [WARNING] GSAP target  not found. https://gsap.com @ https://cdn.prod.website-files.com/gsap/3.14.2/gsap.min.js:9
