[    2431ms] [INFO] %cDownload the React DevTools for a better development experience: https://react.dev/link/react-devtools font-weight:bold @ http://localhost:3036/_next/static/chunks/node_modules_next_dist_f3530cac._.js:2297
[    2575ms] [LOG] [HMR] connected @ http://localhost:3036/_next/static/chunks/node_modules_next_dist_f3530cac._.js:2297
[    3552ms] [LOG] [Fast Refresh] rebuilding @ http://localhost:3036/_next/static/chunks/node_modules_next_dist_f3530cac._.js:2297
[    3600ms] [LOG] [Fast Refresh] done in 149ms @ http://localhost:3036/_next/static/chunks/node_modules_next_dist_f3530cac._.js:2297
[    3615ms] [WARNING] Please ensure that the container has a non-static position, like 'relative', 'fixed', or 'absolute' to ensure scroll offset is calculated correctly. @ http://localhost:3036/_next/static/chunks/node_modules_next_dist_f3530cac._.js:2297
[   89805ms] [LOG] [Fast Refresh] rebuilding @ http://localhost:3036/_next/static/chunks/node_modules_next_dist_f3530cac._.js:2297
[   89938ms] ReferenceError: home is not defined
    at Hero (http://localhost:3036/_next/static/chunks/_52cc7296._.js?id=%255Bproject%255D%252Fcomponents%252FHero.tsx+%255Bapp-client%255D+%2528ecmascript%2529:22:22)
    at Object.react_stack_bottom_frame (http://localhost:3036/_next/static/chunks/node_modules_next_dist_compiled_react-dom_1e674e59._.js:14826:24)
    at renderWithHooks (http://localhost:3036/_next/static/chunks/node_modules_next_dist_compiled_react-dom_1e674e59._.js:4651:24)
    at updateFunctionComponent (http://localhost:3036/_next/static/chunks/node_modules_next_dist_compiled_react-dom_1e674e59._.js:6112:21)
    at beginWork (http://localhost:3036/_next/static/chunks/node_modules_next_dist_compiled_react-dom_1e674e59._.js:6708:24)
    at runWithFiberInDEV (http://localhost:3036/_next/static/chunks/node_modules_next_dist_compiled_react-dom_1e674e59._.js:965:74)
    at performUnitOfWork (http://localhost:3036/_next/static/chunks/node_modules_next_dist_compiled_react-dom_1e674e59._.js:9562:97)
    at workLoopSync (http://localhost:3036/_next/static/chunks/node_modules_next_dist_compiled_react-dom_1e674e59._.js:9456:40)
    at renderRootSync (http://localhost:3036/_next/static/chunks/node_modules_next_dist_compiled_react-dom_1e674e59._.js:9440:13)
    at performWorkOnRoot (http://localhost:3036/_next/static/chunks/node_modules_next_dist_compiled_react-dom_1e674e59._.js:9105:47)
    at performSyncWorkOnRoot (http://localhost:3036/_next/static/chunks/node_modules_next_dist_compiled_react-dom_1e674e59._.js:10238:9)
    at flushSyncWorkAcrossRoots_impl (http://localhost:3036/_next/static/chunks/node_modules_next_dist_compiled_react-dom_1e674e59._.js:10154:316)
    at flushSyncWork$1 (http://localhost:3036/_next/static/chunks/node_modules_next_dist_compiled_react-dom_1e674e59._.js:9237:86)
    at Object.scheduleRefresh (http://localhost:3036/_next/static/chunks/node_modules_next_dist_compiled_react-dom_1e674e59._.js:299:13)
    at http://localhost:3036/_next/static/chunks/node_modules_next_dist_compiled_a0e4c7b4._.js:391:33
    at Set.forEach (<anonymous>)
    at Object.performReactRefresh (http://localhost:3036/_next/static/chunks/node_modules_next_dist_compiled_a0e4c7b4._.js:384:38)
    at applyUpdate (http://localhost:3036/_next/static/chunks/node_modules_next_dist_compiled_a0e4c7b4._.js:878:31)
    at http://localhost:3036/_next/static/chunks/node_modules_next_dist_compiled_a0e4c7b4._.js:886:13
[   89945ms] [LOG] [Fast Refresh] done in 198ms @ http://localhost:3036/_next/static/chunks/node_modules_next_dist_f3530cac._.js:2297
[   92304ms] [LOG] [Fast Refresh] rebuilding @ http://localhost:3036/_next/static/chunks/node_modules_next_dist_f3530cac._.js:2297
[   92307ms] [WARNING] [Fast Refresh] performing full reload because your application had an unrecoverable error @ http://localhost:3036/_next/static/chunks/node_modules_next_dist_f3530cac._.js:2297
[   92442ms] [ERROR] Error: <rect> attribute height: Expected length, "undefined". @ http://localhost:3036/_next/static/chunks/node_modules_71d91aaa._.js:16193
[   92442ms] [ERROR] Error: <rect> attribute height: Expected length, "undefined". @ http://localhost:3036/_next/static/chunks/node_modules_71d91aaa._.js:16193
[   92442ms] [ERROR] Error: <circle> attribute cy: Expected length, "undefined". @ http://localhost:3036/_next/static/chunks/node_modules_71d91aaa._.js:16193
[   92516ms] [LOG] [Fast Refresh] done in 81ms @ http://localhost:3036/_next/static/chunks/node_modules_next_dist_f3530cac._.js:2297
[   92878ms] [INFO] %cDownload the React DevTools for a better development experience: https://react.dev/link/react-devtools font-weight:bold @ http://localhost:3036/_next/static/chunks/node_modules_next_dist_f3530cac._.js:2297
[   92902ms] [LOG] [HMR] connected @ http://localhost:3036/_next/static/chunks/node_modules_next_dist_f3530cac._.js:2297
[   93144ms] [WARNING] Please ensure that the container has a non-static position, like 'relative', 'fixed', or 'absolute' to ensure scroll offset is calculated correctly. @ http://localhost:3036/_next/static/chunks/node_modules_next_dist_f3530cac._.js:2297
[   94826ms] [LOG] [Fast Refresh] rebuilding @ http://localhost:3036/_next/static/chunks/node_modules_next_dist_f3530cac._.js:2297
[   94843ms] ReferenceError: home is not defined
    at FAQAccordion (http://localhost:3036/_next/static/chunks/_52cc7296._.js?id=%255Bproject%255D%252Fcomponents%252FFAQAccordion.tsx+%255Bapp-client%255D+%2528ecmascript%2529:131:21)
    at Object.react_stack_bottom_frame (http://localhost:3036/_next/static/chunks/node_modules_next_dist_compiled_react-dom_1e674e59._.js:14826:24)
    at renderWithHooks (http://localhost:3036/_next/static/chunks/node_modules_next_dist_compiled_react-dom_1e674e59._.js:4651:24)
    at updateFunctionComponent (http://localhost:3036/_next/static/chunks/node_modules_next_dist_compiled_react-dom_1e674e59._.js:6112:21)
    at beginWork (http://localhost:3036/_next/static/chunks/node_modules_next_dist_compiled_react-dom_1e674e59._.js:6708:24)
    at runWithFiberInDEV (http://localhost:3036/_next/static/chunks/node_modules_next_dist_compiled_react-dom_1e674e59._.js:965:74)
    at performUnitOfWork (http://localhost:3036/_next/static/chunks/node_modules_next_dist_compiled_react-dom_1e674e59._.js:9562:97)
    at workLoopSync (http://localhost:3036/_next/static/chunks/node_modules_next_dist_compiled_react-dom_1e674e59._.js:9456:40)
    at renderRootSync (http://localhost:3036/_next/static/chunks/node_modules_next_dist_compiled_react-dom_1e674e59._.js:9440:13)
    at performWorkOnRoot (http://localhost:3036/_next/static/chunks/node_modules_next_dist_compiled_react-dom_1e674e59._.js:9105:47)
    at performSyncWorkOnRoot (http://localhost:3036/_next/static/chunks/node_modules_next_dist_compiled_react-dom_1e674e59._.js:10238:9)
    at flushSyncWorkAcrossRoots_impl (http://localhost:3036/_next/static/chunks/node_modules_next_dist_compiled_react-dom_1e674e59._.js:10154:316)
    at flushSyncWork$1 (http://localhost:3036/_next/static/chunks/node_modules_next_dist_compiled_react-dom_1e674e59._.js:9237:86)
    at Object.scheduleRefresh (http://localhost:3036/_next/static/chunks/node_modules_next_dist_compiled_react-dom_1e674e59._.js:299:13)
    at http://localhost:3036/_next/static/chunks/node_modules_next_dist_compiled_a0e4c7b4._.js:391:33
    at Set.forEach (<anonymous>)
    at Object.performReactRefresh (http://localhost:3036/_next/static/chunks/node_modules_next_dist_compiled_a0e4c7b4._.js:384:38)
    at applyUpdate (http://localhost:3036/_next/static/chunks/node_modules_next_dist_compiled_a0e4c7b4._.js:878:31)
    at http://localhost:3036/_next/static/chunks/node_modules_next_dist_compiled_a0e4c7b4._.js:886:13
[   94856ms] [LOG] [Fast Refresh] done in 85ms @ http://localhost:3036/_next/static/chunks/node_modules_next_dist_f3530cac._.js:2297
[   98592ms] [LOG] [Fast Refresh] rebuilding @ http://localhost:3036/_next/static/chunks/node_modules_next_dist_f3530cac._.js:2297
[   98594ms] [WARNING] [Fast Refresh] performing full reload because your application had an unrecoverable error @ http://localhost:3036/_next/static/chunks/node_modules_next_dist_f3530cac._.js:2297
[   98744ms] [ERROR] Error: <rect> attribute height: Expected length, "undefined". @ http://localhost:3036/_next/static/chunks/node_modules_71d91aaa._.js:16193
[   98744ms] [ERROR] Error: <rect> attribute height: Expected length, "undefined". @ http://localhost:3036/_next/static/chunks/node_modules_71d91aaa._.js:16193
[   98744ms] [ERROR] Error: <circle> attribute cy: Expected length, "undefined". @ http://localhost:3036/_next/static/chunks/node_modules_71d91aaa._.js:16193
[   98836ms] [LOG] [Fast Refresh] done in 42ms @ http://localhost:3036/_next/static/chunks/node_modules_next_dist_f3530cac._.js:2297
[   99093ms] [INFO] %cDownload the React DevTools for a better development experience: https://react.dev/link/react-devtools font-weight:bold @ http://localhost:3036/_next/static/chunks/node_modules_next_dist_f3530cac._.js:2297
[   99115ms] [LOG] [HMR] connected @ http://localhost:3036/_next/static/chunks/node_modules_next_dist_f3530cac._.js:2297
[   99275ms] [WARNING] Please ensure that the container has a non-static position, like 'relative', 'fixed', or 'absolute' to ensure scroll offset is calculated correctly. @ http://localhost:3036/_next/static/chunks/node_modules_next_dist_f3530cac._.js:2297
[  104397ms] [LOG] [Fast Refresh] rebuilding @ http://localhost:3036/_next/static/chunks/node_modules_next_dist_f3530cac._.js:2297
[  104415ms] ReferenceError: home is not defined
    at ProofBar (http://localhost:3036/_next/static/chunks/_52cc7296._.js?id=%255Bproject%255D%252Fcomponents%252FProofBar.tsx+%255Bapp-client%255D+%2528ecmascript%2529:138:19)
    at Object.react_stack_bottom_frame (http://localhost:3036/_next/static/chunks/node_modules_next_dist_compiled_react-dom_1e674e59._.js:14826:24)
    at renderWithHooks (http://localhost:3036/_next/static/chunks/node_modules_next_dist_compiled_react-dom_1e674e59._.js:4651:24)
    at updateFunctionComponent (http://localhost:3036/_next/static/chunks/node_modules_next_dist_compiled_react-dom_1e674e59._.js:6112:21)
    at beginWork (http://localhost:3036/_next/static/chunks/node_modules_next_dist_compiled_react-dom_1e674e59._.js:6708:24)
    at runWithFiberInDEV (http://localhost:3036/_next/static/chunks/node_modules_next_dist_compiled_react-dom_1e674e59._.js:965:74)
    at performUnitOfWork (http://localhost:3036/_next/static/chunks/node_modules_next_dist_compiled_react-dom_1e674e59._.js:9562:97)
    at workLoopSync (http://localhost:3036/_next/static/chunks/node_modules_next_dist_compiled_react-dom_1e674e59._.js:9456:40)
    at renderRootSync (http://localhost:3036/_next/static/chunks/node_modules_next_dist_compiled_react-dom_1e674e59._.js:9440:13)
    at performWorkOnRoot (http://localhost:3036/_next/static/chunks/node_modules_next_dist_compiled_react-dom_1e674e59._.js:9105:47)
    at performSyncWorkOnRoot (http://localhost:3036/_next/static/chunks/node_modules_next_dist_compiled_react-dom_1e674e59._.js:10238:9)
    at flushSyncWorkAcrossRoots_impl (http://localhost:3036/_next/static/chunks/node_modules_next_dist_compiled_react-dom_1e674e59._.js:10154:316)
    at flushSyncWork$1 (http://localhost:3036/_next/static/chunks/node_modules_next_dist_compiled_react-dom_1e674e59._.js:9237:86)
    at Object.scheduleRefresh (http://localhost:3036/_next/static/chunks/node_modules_next_dist_compiled_react-dom_1e674e59._.js:299:13)
    at http://localhost:3036/_next/static/chunks/node_modules_next_dist_compiled_a0e4c7b4._.js:391:33
    at Set.forEach (<anonymous>)
    at Object.performReactRefresh (http://localhost:3036/_next/static/chunks/node_modules_next_dist_compiled_a0e4c7b4._.js:384:38)
    at applyUpdate (http://localhost:3036/_next/static/chunks/node_modules_next_dist_compiled_a0e4c7b4._.js:878:31)
    at http://localhost:3036/_next/static/chunks/node_modules_next_dist_compiled_a0e4c7b4._.js:886:13
[  104425ms] [LOG] [Fast Refresh] done in 99ms @ http://localhost:3036/_next/static/chunks/node_modules_next_dist_f3530cac._.js:2297
[  108286ms] [LOG] [Fast Refresh] rebuilding @ http://localhost:3036/_next/static/chunks/node_modules_next_dist_f3530cac._.js:2297
[  108287ms] [WARNING] [Fast Refresh] performing full reload because your application had an unrecoverable error @ http://localhost:3036/_next/static/chunks/node_modules_next_dist_f3530cac._.js:2297
[  108401ms] [ERROR] Error: <rect> attribute height: Expected length, "undefined". @ http://localhost:3036/_next/static/chunks/node_modules_71d91aaa._.js:16193
[  108401ms] [ERROR] Error: <rect> attribute height: Expected length, "undefined". @ http://localhost:3036/_next/static/chunks/node_modules_71d91aaa._.js:16193
[  108401ms] [ERROR] Error: <circle> attribute cy: Expected length, "undefined". @ http://localhost:3036/_next/static/chunks/node_modules_71d91aaa._.js:16193
[  108527ms] [LOG] [Fast Refresh] done in 38ms @ http://localhost:3036/_next/static/chunks/node_modules_next_dist_f3530cac._.js:2297
[  108911ms] [INFO] %cDownload the React DevTools for a better development experience: https://react.dev/link/react-devtools font-weight:bold @ http://localhost:3036/_next/static/chunks/node_modules_next_dist_f3530cac._.js:2297
[  108931ms] [LOG] [HMR] connected @ http://localhost:3036/_next/static/chunks/node_modules_next_dist_f3530cac._.js:2297
[  109099ms] [WARNING] Please ensure that the container has a non-static position, like 'relative', 'fixed', or 'absolute' to ensure scroll offset is calculated correctly. @ http://localhost:3036/_next/static/chunks/node_modules_next_dist_f3530cac._.js:2297
[  154596ms] [LOG] [Fast Refresh] rebuilding @ http://localhost:3036/_next/static/chunks/node_modules_next_dist_f3530cac._.js:2297
[  154680ms] [LOG] [Fast Refresh] done in 84ms @ http://localhost:3036/_next/static/chunks/node_modules_next_dist_f3530cac._.js:2297
[  161808ms] [LOG] [Fast Refresh] rebuilding @ http://localhost:3036/_next/static/chunks/node_modules_next_dist_f3530cac._.js:2297
[  161925ms] [LOG] [Fast Refresh] done in 147ms @ http://localhost:3036/_next/static/chunks/node_modules_next_dist_f3530cac._.js:2297
[  194952ms] [LOG] [Fast Refresh] rebuilding @ http://localhost:3036/_next/static/chunks/node_modules_next_dist_f3530cac._.js:2297
[  195044ms] [LOG] [Fast Refresh] done in 85ms @ http://localhost:3036/_next/static/chunks/node_modules_next_dist_f3530cac._.js:2297
[  198691ms] [LOG] [Fast Refresh] rebuilding @ http://localhost:3036/_next/static/chunks/node_modules_next_dist_f3530cac._.js:2297
[  198749ms] [LOG] [Fast Refresh] done in 34ms @ http://localhost:3036/_next/static/chunks/node_modules_next_dist_f3530cac._.js:2297
[  207847ms] [LOG] [Fast Refresh] rebuilding @ http://localhost:3036/_next/static/chunks/node_modules_next_dist_f3530cac._.js:2297
[  207873ms] [LOG] [Fast Refresh] done in 63ms @ http://localhost:3036/_next/static/chunks/node_modules_next_dist_f3530cac._.js:2297
[  210717ms] [LOG] [Fast Refresh] rebuilding @ http://localhost:3036/_next/static/chunks/node_modules_next_dist_f3530cac._.js:2297
[  210758ms] TypeError: Cannot read properties of undefined (reading 'map')
    at ScheduleVisual (http://localhost:3036/_next/static/chunks/_52cc7296._.js?id=%255Bproject%255D%252Fcomponents%252FProblemSection.tsx+%255Bapp-client%255D+%2528ecmascript%2529:205:40)
    at Object.react_stack_bottom_frame (http://localhost:3036/_next/static/chunks/node_modules_next_dist_compiled_react-dom_1e674e59._.js:14826:24)
    at renderWithHooks (http://localhost:3036/_next/static/chunks/node_modules_next_dist_compiled_react-dom_1e674e59._.js:4651:24)
    at updateFunctionComponent (http://localhost:3036/_next/static/chunks/node_modules_next_dist_compiled_react-dom_1e674e59._.js:6112:21)
    at beginWork (http://localhost:3036/_next/static/chunks/node_modules_next_dist_compiled_react-dom_1e674e59._.js:6708:24)
    at runWithFiberInDEV (http://localhost:3036/_next/static/chunks/node_modules_next_dist_compiled_react-dom_1e674e59._.js:965:74)
    at performUnitOfWork (http://localhost:3036/_next/static/chunks/node_modules_next_dist_compiled_react-dom_1e674e59._.js:9562:97)
    at workLoopSync (http://localhost:3036/_next/static/chunks/node_modules_next_dist_compiled_react-dom_1e674e59._.js:9456:40)
    at renderRootSync (http://localhost:3036/_next/static/chunks/node_modules_next_dist_compiled_react-dom_1e674e59._.js:9440:13)
    at performWorkOnRoot (http://localhost:3036/_next/static/chunks/node_modules_next_dist_compiled_react-dom_1e674e59._.js:9105:47)
    at performSyncWorkOnRoot (http://localhost:3036/_next/static/chunks/node_modules_next_dist_compiled_react-dom_1e674e59._.js:10238:9)
    at flushSyncWorkAcrossRoots_impl (http://localhost:3036/_next/static/chunks/node_modules_next_dist_compiled_react-dom_1e674e59._.js:10154:316)
    at flushSyncWork$1 (http://localhost:3036/_next/static/chunks/node_modules_next_dist_compiled_react-dom_1e674e59._.js:9237:86)
    at Object.scheduleRefresh (http://localhost:3036/_next/static/chunks/node_modules_next_dist_compiled_react-dom_1e674e59._.js:299:13)
    at http://localhost:3036/_next/static/chunks/node_modules_next_dist_compiled_a0e4c7b4._.js:391:33
    at Set.forEach (<anonymous>)
    at Object.performReactRefresh (http://localhost:3036/_next/static/chunks/node_modules_next_dist_compiled_a0e4c7b4._.js:384:38)
    at applyUpdate (http://localhost:3036/_next/static/chunks/node_modules_next_dist_compiled_a0e4c7b4._.js:878:31)
    at http://localhost:3036/_next/static/chunks/node_modules_next_dist_compiled_a0e4c7b4._.js:886:13
[  210760ms] [LOG] [Fast Refresh] done in 87ms @ http://localhost:3036/_next/static/chunks/node_modules_next_dist_f3530cac._.js:2297
[  213445ms] [LOG] [Fast Refresh] rebuilding @ http://localhost:3036/_next/static/chunks/node_modules_next_dist_f3530cac._.js:2297
[  213447ms] [WARNING] [Fast Refresh] performing full reload because your application had an unrecoverable error @ http://localhost:3036/_next/static/chunks/node_modules_next_dist_f3530cac._.js:2297
[  213506ms] TypeError: Cannot read properties of undefined (reading 'map')
    at ScheduleVisual (http://localhost:3036/_next/static/chunks/_52cc7296._.js?id=%255Bproject%255D%252Fcomponents%252FProblemSection.tsx+%255Bapp-client%255D+%2528ecmascript%2529:205:40)
    at Object.react_stack_bottom_frame (http://localhost:3036/_next/static/chunks/node_modules_next_dist_compiled_react-dom_1e674e59._.js:14826:24)
    at renderWithHooks (http://localhost:3036/_next/static/chunks/node_modules_next_dist_compiled_react-dom_1e674e59._.js:4651:24)
    at updateFunctionComponent (http://localhost:3036/_next/static/chunks/node_modules_next_dist_compiled_react-dom_1e674e59._.js:6112:21)
    at beginWork (http://localhost:3036/_next/static/chunks/node_modules_next_dist_compiled_react-dom_1e674e59._.js:6708:24)
    at runWithFiberInDEV (http://localhost:3036/_next/static/chunks/node_modules_next_dist_compiled_react-dom_1e674e59._.js:965:74)
    at performUnitOfWork (http://localhost:3036/_next/static/chunks/node_modules_next_dist_compiled_react-dom_1e674e59._.js:9562:97)
    at workLoopSync (http://localhost:3036/_next/static/chunks/node_modules_next_dist_compiled_react-dom_1e674e59._.js:9456:40)
    at renderRootSync (http://localhost:3036/_next/static/chunks/node_modules_next_dist_compiled_react-dom_1e674e59._.js:9440:13)
    at performWorkOnRoot (http://localhost:3036/_next/static/chunks/node_modules_next_dist_compiled_react-dom_1e674e59._.js:9105:47)
    at performSyncWorkOnRoot (http://localhost:3036/_next/static/chunks/node_modules_next_dist_compiled_react-dom_1e674e59._.js:10238:9)
    at flushSyncWorkAcrossRoots_impl (http://localhost:3036/_next/static/chunks/node_modules_next_dist_compiled_react-dom_1e674e59._.js:10154:316)
    at flushSyncWork$1 (http://localhost:3036/_next/static/chunks/node_modules_next_dist_compiled_react-dom_1e674e59._.js:9237:86)
    at Object.scheduleRefresh (http://localhost:3036/_next/static/chunks/node_modules_next_dist_compiled_react-dom_1e674e59._.js:299:13)
    at http://localhost:3036/_next/static/chunks/node_modules_next_dist_compiled_a0e4c7b4._.js:391:33
    at Set.forEach (<anonymous>)
    at Object.performReactRefresh (http://localhost:3036/_next/static/chunks/node_modules_next_dist_compiled_a0e4c7b4._.js:384:38)
    at applyUpdate (http://localhost:3036/_next/static/chunks/node_modules_next_dist_compiled_a0e4c7b4._.js:878:31)
    at http://localhost:3036/_next/static/chunks/node_modules_next_dist_compiled_a0e4c7b4._.js:886:13
[  213506ms] [LOG] [Fast Refresh] done in 33ms @ http://localhost:3036/_next/static/chunks/node_modules_next_dist_f3530cac._.js:2297
[  213607ms] [LOG] [Fast Refresh] rebuilding @ http://localhost:3036/_next/static/chunks/node_modules_next_dist_f3530cac._.js:2297
[  213656ms] [LOG] [Fast Refresh] done in 151ms @ http://localhost:3036/_next/static/chunks/node_modules_next_dist_f3530cac._.js:2297
[  213913ms] [ERROR] Failed to load resource: the server responded with a status of 500 (Internal Server Error) @ http://localhost:3036/:0
[  213985ms] [INFO] %cDownload the React DevTools for a better development experience: https://react.dev/link/react-devtools font-weight:bold @ http://localhost:3036/_next/static/chunks/node_modules_next_dist_f3530cac._.js:2297
[  214007ms] [LOG] [HMR] connected @ http://localhost:3036/_next/static/chunks/node_modules_next_dist_f3530cac._.js:2297
[  214122ms] TypeError: Cannot read properties of undefined (reading 'map')
    at ScheduleVisual (http://localhost:3036/_next/static/chunks/_52cc7296._.js:2409:40)
    at Object.react_stack_bottom_frame (http://localhost:3036/_next/static/chunks/node_modules_next_dist_compiled_react-dom_1e674e59._.js:14826:24)
    at renderWithHooks (http://localhost:3036/_next/static/chunks/node_modules_next_dist_compiled_react-dom_1e674e59._.js:4651:24)
    at updateFunctionComponent (http://localhost:3036/_next/static/chunks/node_modules_next_dist_compiled_react-dom_1e674e59._.js:6112:21)
    at beginWork (http://localhost:3036/_next/static/chunks/node_modules_next_dist_compiled_react-dom_1e674e59._.js:6708:24)
    at runWithFiberInDEV (http://localhost:3036/_next/static/chunks/node_modules_next_dist_compiled_react-dom_1e674e59._.js:965:74)
    at performUnitOfWork (http://localhost:3036/_next/static/chunks/node_modules_next_dist_compiled_react-dom_1e674e59._.js:9562:97)
    at workLoopSync (http://localhost:3036/_next/static/chunks/node_modules_next_dist_compiled_react-dom_1e674e59._.js:9456:40)
    at renderRootSync (http://localhost:3036/_next/static/chunks/node_modules_next_dist_compiled_react-dom_1e674e59._.js:9440:13)
    at performWorkOnRoot (http://localhost:3036/_next/static/chunks/node_modules_next_dist_compiled_react-dom_1e674e59._.js:9105:47)
    at performWorkOnRootViaSchedulerTask (http://localhost:3036/_next/static/chunks/node_modules_next_dist_compiled_react-dom_1e674e59._.js:10230:9)
    at MessagePort.performWorkUntilDeadline (http://localhost:3036/_next/static/chunks/node_modules_next_dist_compiled_a0e4c7b4._.js:2647:64)
[  214125ms] [ERROR] Failed to load resource: the server responded with a status of 404 (Not Found) @ http://localhost:3036/favicon.ico:0
[  217156ms] [WARNING] The resource http://localhost:3036/_next/static/chunks/%5Broot-of-the-server%5D__e245173b._.css was preloaded using link preload but not used within a few seconds from the window's load event. Please make sure it has an appropriate `as` value and it is preloaded intentionally. @ http://localhost:3036/:0
[  218465ms] [LOG] [Fast Refresh] rebuilding @ http://localhost:3036/_next/static/chunks/node_modules_next_dist_f3530cac._.js:2297
[  218468ms] [WARNING] [Fast Refresh] performing full reload because your application had an unrecoverable error @ http://localhost:3036/_next/static/chunks/node_modules_next_dist_f3530cac._.js:2297
[  218484ms] [LOG] [Fast Refresh] done in 67ms @ http://localhost:3036/_next/static/chunks/node_modules_next_dist_f3530cac._.js:2297
[  218641ms] [ERROR] Failed to load resource: the server responded with a status of 500 (Internal Server Error) @ http://localhost:3036/:0
[  218692ms] [INFO] %cDownload the React DevTools for a better development experience: https://react.dev/link/react-devtools font-weight:bold @ http://localhost:3036/_next/static/chunks/node_modules_next_dist_f3530cac._.js:2297
[  218710ms] [LOG] [HMR] connected @ http://localhost:3036/_next/static/chunks/node_modules_next_dist_f3530cac._.js:2297
[  218842ms] TypeError: Cannot read properties of undefined (reading 'map')
    at ScheduleVisual (http://localhost:3036/_next/static/chunks/_52cc7296._.js:2409:40)
    at Object.react_stack_bottom_frame (http://localhost:3036/_next/static/chunks/node_modules_next_dist_compiled_react-dom_1e674e59._.js:14826:24)
    at renderWithHooks (http://localhost:3036/_next/static/chunks/node_modules_next_dist_compiled_react-dom_1e674e59._.js:4651:24)
    at updateFunctionComponent (http://localhost:3036/_next/static/chunks/node_modules_next_dist_compiled_react-dom_1e674e59._.js:6112:21)
    at beginWork (http://localhost:3036/_next/static/chunks/node_modules_next_dist_compiled_react-dom_1e674e59._.js:6708:24)
    at runWithFiberInDEV (http://localhost:3036/_next/static/chunks/node_modules_next_dist_compiled_react-dom_1e674e59._.js:965:74)
    at performUnitOfWork (http://localhost:3036/_next/static/chunks/node_modules_next_dist_compiled_react-dom_1e674e59._.js:9562:97)
    at workLoopSync (http://localhost:3036/_next/static/chunks/node_modules_next_dist_compiled_react-dom_1e674e59._.js:9456:40)
    at renderRootSync (http://localhost:3036/_next/static/chunks/node_modules_next_dist_compiled_react-dom_1e674e59._.js:9440:13)
    at performWorkOnRoot (http://localhost:3036/_next/static/chunks/node_modules_next_dist_compiled_react-dom_1e674e59._.js:9105:47)
    at performWorkOnRootViaSchedulerTask (http://localhost:3036/_next/static/chunks/node_modules_next_dist_compiled_react-dom_1e674e59._.js:10230:9)
    at MessagePort.performWorkUntilDeadline (http://localhost:3036/_next/static/chunks/node_modules_next_dist_compiled_a0e4c7b4._.js:2647:64)
[  221829ms] [WARNING] The resource http://localhost:3036/_next/static/chunks/%5Broot-of-the-server%5D__e245173b._.css was preloaded using link preload but not used within a few seconds from the window's load event. Please make sure it has an appropriate `as` value and it is preloaded intentionally. @ http://localhost:3036/:0
[  231056ms] [LOG] [Fast Refresh] rebuilding @ http://localhost:3036/_next/static/chunks/node_modules_next_dist_f3530cac._.js:2297
[  231072ms] [WARNING] [Fast Refresh] performing full reload because your application had an unrecoverable error @ http://localhost:3036/_next/static/chunks/node_modules_next_dist_f3530cac._.js:2297
[  231081ms] [LOG] [Fast Refresh] done in 64ms @ http://localhost:3036/_next/static/chunks/node_modules_next_dist_f3530cac._.js:2297
[  231294ms] [ERROR] Failed to load resource: the server responded with a status of 500 (Internal Server Error) @ http://localhost:3036/:0
[  231349ms] [INFO] %cDownload the React DevTools for a better development experience: https://react.dev/link/react-devtools font-weight:bold @ http://localhost:3036/_next/static/chunks/node_modules_next_dist_f3530cac._.js:2297
[  231366ms] [LOG] [HMR] connected @ http://localhost:3036/_next/static/chunks/node_modules_next_dist_f3530cac._.js:2297
[  231479ms] ReferenceError: problems is not defined
    at ProblemSection (http://localhost:3036/_next/static/chunks/_52cc7296._.js:3257:35)
    at Object.react_stack_bottom_frame (http://localhost:3036/_next/static/chunks/node_modules_next_dist_compiled_react-dom_1e674e59._.js:14826:24)
    at renderWithHooks (http://localhost:3036/_next/static/chunks/node_modules_next_dist_compiled_react-dom_1e674e59._.js:4651:24)
    at updateFunctionComponent (http://localhost:3036/_next/static/chunks/node_modules_next_dist_compiled_react-dom_1e674e59._.js:6112:21)
    at beginWork (http://localhost:3036/_next/static/chunks/node_modules_next_dist_compiled_react-dom_1e674e59._.js:6708:24)
    at runWithFiberInDEV (http://localhost:3036/_next/static/chunks/node_modules_next_dist_compiled_react-dom_1e674e59._.js:965:74)
    at performUnitOfWork (http://localhost:3036/_next/static/chunks/node_modules_next_dist_compiled_react-dom_1e674e59._.js:9562:97)
    at workLoopSync (http://localhost:3036/_next/static/chunks/node_modules_next_dist_compiled_react-dom_1e674e59._.js:9456:40)
    at renderRootSync (http://localhost:3036/_next/static/chunks/node_modules_next_dist_compiled_react-dom_1e674e59._.js:9440:13)
    at performWorkOnRoot (http://localhost:3036/_next/static/chunks/node_modules_next_dist_compiled_react-dom_1e674e59._.js:9105:47)
    at performWorkOnRootViaSchedulerTask (http://localhost:3036/_next/static/chunks/node_modules_next_dist_compiled_react-dom_1e674e59._.js:10230:9)
    at MessagePort.performWorkUntilDeadline (http://localhost:3036/_next/static/chunks/node_modules_next_dist_compiled_a0e4c7b4._.js:2647:64)
[  234467ms] [WARNING] The resource http://localhost:3036/_next/static/chunks/%5Broot-of-the-server%5D__e245173b._.css was preloaded using link preload but not used within a few seconds from the window's load event. Please make sure it has an appropriate `as` value and it is preloaded intentionally. @ http://localhost:3036/:0
[  244772ms] [LOG] [Fast Refresh] rebuilding @ http://localhost:3036/_next/static/chunks/node_modules_next_dist_f3530cac._.js:2297
[  244776ms] [WARNING] [Fast Refresh] performing full reload because your application had an unrecoverable error @ http://localhost:3036/_next/static/chunks/node_modules_next_dist_f3530cac._.js:2297
[  244794ms] [LOG] [Fast Refresh] done in 80ms @ http://localhost:3036/_next/static/chunks/node_modules_next_dist_f3530cac._.js:2297
[  245140ms] [INFO] %cDownload the React DevTools for a better development experience: https://react.dev/link/react-devtools font-weight:bold @ http://localhost:3036/_next/static/chunks/node_modules_next_dist_f3530cac._.js:2297
[  245156ms] [LOG] [HMR] connected @ http://localhost:3036/_next/static/chunks/node_modules_next_dist_f3530cac._.js:2297
[  245312ms] [WARNING] Please ensure that the container has a non-static position, like 'relative', 'fixed', or 'absolute' to ensure scroll offset is calculated correctly. @ http://localhost:3036/_next/static/chunks/node_modules_next_dist_f3530cac._.js:2297
