[     923ms] [WARNING] Caught a recoverable error. The site is still functional, but might have some UI flickering or degraded page load performance. If you are the author of this website, update external components and check recently added custom code or code overrides to fix the following server/client mismatches:
 Error: Minified React error #425; visit https://reactjs.org/docs/error-decoder.html?invariant=425 for the full message or use the non-minified dev environment for full errors and additional helpful warnings.
    at Ii (https://framerusercontent.com/sites/70gS7XTh5avlOXreJtQAi/react.W2BSLQa8.mjs:6:68)
    at us (https://framerusercontent.com/sites/70gS7XTh5avlOXreJtQAi/react.W2BSLQa8.mjs:8:14036)
    at ec (https://framerusercontent.com/sites/70gS7XTh5avlOXreJtQAi/react.W2BSLQa8.mjs:8:37372)
    at $s (https://framerusercontent.com/sites/70gS7XTh5avlOXreJtQAi/react.W2BSLQa8.mjs:8:37134)
    at Qs (https://framerusercontent.com/sites/70gS7XTh5avlOXreJtQAi/react.W2BSLQa8.mjs:8:37046)
    at Ls (https://framerusercontent.com/sites/70gS7XTh5avlOXreJtQAi/react.W2BSLQa8.mjs:8:32130)
    at wt (https://framerusercontent.com/sites/70gS7XTh5avlOXreJtQAi/react.W2BSLQa8.mjs:1:10651)
    at MessagePort.Et (https://framerusercontent.com/sites/70gS7XTh5avlOXreJtQAi/react.W2BSLQa8.mjs:1:11006) 
    at style
    at div
    at Hs (https://framerusercontent.com/sites/70gS7XTh5avlOXreJtQAi/Z1kG7E1bMcxE2-di5pM684uOqWK3iWXn5_Uq_Ou-8wU.CS-JsC_L.mjs:1:380463)
    at div
    at https://framerusercontent.com/sites/70gS7XTh5avlOXreJtQAi/framer.BoWhJXiM.mjs:1052:26751
    at https://framerusercontent.com/sites/70gS7XTh5avlOXreJtQAi/framer.BoWhJXiM.mjs:115:33887
    at IS (https://framerusercontent.com/sites/70gS7XTh5avlOXreJtQAi/framer.BoWhJXiM.mjs:1059:716)
    at Suspense
    at qc (https://framerusercontent.com/sites/70gS7XTh5avlOXreJtQAi/framer.BoWhJXiM.mjs:49:68422)
    at $c (https://framerusercontent.com/sites/70gS7XTh5avlOXreJtQAi/framer.BoWhJXiM.mjs:49:69086)
    at Qc (https://framerusercontent.com/sites/70gS7XTh5avlOXreJtQAi/framer.BoWhJXiM.mjs:49:68948)
    at zd (https://framerusercontent.com/sites/70gS7XTh5avlOXreJtQAi/motion.DDxEc_dn.mjs:9:70508)
    at Fi (https://framerusercontent.com/sites/70gS7XTh5avlOXreJtQAi/framer.BoWhJXiM.mjs:49:22088)
    at div
    at s (https://framerusercontent.com/sites/70gS7XTh5avlOXreJtQAi/motion.DDxEc_dn.mjs:9:5439)
    at https://framerusercontent.com/sites/70gS7XTh5avlOXreJtQAi/framer.BoWhJXiM.mjs:1059:1471
    at https://framerusercontent.com/sites/70gS7XTh5avlOXreJtQAi/framer.BoWhJXiM.mjs:1052:32240
    at https://framerusercontent.com/sites/70gS7XTh5avlOXreJtQAi/framer.BoWhJXiM.mjs:1052:32053
    at div
    at s (https://framerusercontent.com/sites/70gS7XTh5avlOXreJtQAi/motion.DDxEc_dn.mjs:9:5439)
    at https://framerusercontent.com/sites/70gS7XTh5avlOXreJtQAi/framer.BoWhJXiM.mjs:1052:30390
    at section
    at main
    at s (https://framerusercontent.com/sites/70gS7XTh5avlOXreJtQAi/motion.DDxEc_dn.mjs:9:5439)
    at div
    at s (https://framerusercontent.com/sites/70gS7XTh5avlOXreJtQAi/motion.DDxEc_dn.mjs:9:5439)
    at zd (https://framerusercontent.com/sites/70gS7XTh5avlOXreJtQAi/motion.DDxEc_dn.mjs:9:70508)
    at https://framerusercontent.com/sites/70gS7XTh5avlOXreJtQAi/Z1kG7E1bMcxE2-di5pM684uOqWK3iWXn5_Uq_Ou-8wU.CS-JsC_L.mjs:18:7223
    at https://framerusercontent.com/sites/70gS7XTh5avlOXreJtQAi/framer.BoWhJXiM.mjs:115:33887
    at https://framerusercontent.com/sites/70gS7XTh5avlOXreJtQAi/framer.BoWhJXiM.mjs:3:757
    at div
    at s (https://framerusercontent.com/sites/70gS7XTh5avlOXreJtQAi/motion.DDxEc_dn.mjs:9:5439)
    at zd (https://framerusercontent.com/sites/70gS7XTh5avlOXreJtQAi/motion.DDxEc_dn.mjs:9:70508)
    at https://framerusercontent.com/sites/70gS7XTh5avlOXreJtQAi/script_main.ovdbU77Q.mjs:1:122988
    at https://framerusercontent.com/sites/70gS7XTh5avlOXreJtQAi/framer.BoWhJXiM.mjs:115:33887
    at hr (https://framerusercontent.com/sites/70gS7XTh5avlOXreJtQAi/script_main.ovdbU77Q.mjs:1:131548)
    at _d (https://framerusercontent.com/sites/70gS7XTh5avlOXreJtQAi/framer.BoWhJXiM.mjs:54:6107)
    at U_ (https://framerusercontent.com/sites/70gS7XTh5avlOXreJtQAi/framer.BoWhJXiM.mjs:115:6093)
    at Suspense
    at qc (https://framerusercontent.com/sites/70gS7XTh5avlOXreJtQAi/framer.BoWhJXiM.mjs:49:68422)
    at jS (https://framerusercontent.com/sites/70gS7XTh5avlOXreJtQAi/framer.BoWhJXiM.mjs:1052:32340)
    at qu (https://framerusercontent.com/sites/70gS7XTh5avlOXreJtQAi/framer.BoWhJXiM.mjs:52:17930)
    at gr (https://framerusercontent.com/sites/70gS7XTh5avlOXreJtQAi/framer.BoWhJXiM.mjs:49:6751)
    at Dt (https://framerusercontent.com/sites/70gS7XTh5avlOXreJtQAi/framer.BoWhJXiM.mjs:3:2957)
    at gd (https://framerusercontent.com/sites/70gS7XTh5avlOXreJtQAi/framer.BoWhJXiM.mjs:54:2003)
    at Yu (https://framerusercontent.com/sites/70gS7XTh5avlOXreJtQAi/framer.BoWhJXiM.mjs:52:18474)
    at https://framerusercontent.com/sites/70gS7XTh5avlOXreJtQAi/framer.BoWhJXiM.mjs:1059:2511
    at https://framerusercontent.com/sites/70gS7XTh5avlOXreJtQAi/framer.BoWhJXiM.mjs:115:33887
    at Ew (https://framerusercontent.com/sites/70gS7XTh5avlOXreJtQAi/framer.BoWhJXiM.mjs:1059:18437)
    at ln (https://framerusercontent.com/sites/70gS7XTh5avlOXreJtQAi/framer.BoWhJXiM.mjs:7:7918)
    at ta (https://framerusercontent.com/sites/70gS7XTh5avlOXreJtQAi/motion.DDxEc_dn.mjs:9:1351)
    at Dd (https://framerusercontent.com/sites/70gS7XTh5avlOXreJtQAi/framer.BoWhJXiM.mjs:54:7366)
    at dr (https://framerusercontent.com/sites/70gS7XTh5avlOXreJtQAi/framer.BoWhJXiM.mjs:49:6337)
    at mC (https://framerusercontent.com/sites/70gS7XTh5avlOXreJtQAi/framer.BoWhJXiM.mjs:1059:7663)
    at An (https://framerusercontent.com/sites/70gS7XTh5avlOXreJtQAi/framer.BoWhJXiM.mjs:7:12667) @ https://framerusercontent.com/sites/70gS7XTh5avlOXreJtQAi/script_main.ovdbU77Q.mjs:0
[     924ms] [WARNING] Caught a recoverable error. The site is still functional, but might have some UI flickering or degraded page load performance. If you are the author of this website, update external components and check recently added custom code or code overrides to fix the following server/client mismatches:
 Error: Minified React error #422; visit https://reactjs.org/docs/error-decoder.html?invariant=422 for the full message or use the non-minified dev environment for full errors and additional helpful warnings.
    at ns (https://framerusercontent.com/sites/70gS7XTh5avlOXreJtQAi/react.W2BSLQa8.mjs:8:8255)
    at $o (https://framerusercontent.com/sites/70gS7XTh5avlOXreJtQAi/react.W2BSLQa8.mjs:8:7196)
    at cp (https://framerusercontent.com/sites/70gS7XTh5avlOXreJtQAi/react.W2BSLQa8.mjs:8:68482)
    at $s (https://framerusercontent.com/sites/70gS7XTh5avlOXreJtQAi/react.W2BSLQa8.mjs:8:37073)
    at Qs (https://framerusercontent.com/sites/70gS7XTh5avlOXreJtQAi/react.W2BSLQa8.mjs:8:37046)
    at Ls (https://framerusercontent.com/sites/70gS7XTh5avlOXreJtQAi/react.W2BSLQa8.mjs:8:32130)
    at wt (https://framerusercontent.com/sites/70gS7XTh5avlOXreJtQAi/react.W2BSLQa8.mjs:1:10651)
    at MessagePort.Et (https://framerusercontent.com/sites/70gS7XTh5avlOXreJtQAi/react.W2BSLQa8.mjs:1:11006) null @ https://framerusercontent.com/sites/70gS7XTh5avlOXreJtQAi/script_main.ovdbU77Q.mjs:0
